<?xml version="1.0" encoding="UTF-8"?>
<!-- Generated by org.testng.reporters.JUnitReportReporter -->
<testsuite hostname="sandy-PC" failures="0" tests="1" name="Steps.AddToCartSteps" time="0.032" errors="0" timestamp="2020-07-27T05:33:14 CST" skipped="0">
  <testcase classname="Steps.AddToCartSteps" name="user_is_in_Amazon_Main_Page" time="0.032"/>
  <system-out/>
</testsuite> <!-- Steps.AddToCartSteps -->
